
2017-02-05 17:10:01

Operating System
  Name                        = Fedora
  Version                     = 25
  Architecture                = 64bit
  # CPUs                      = 4
  Memory                      = 8361152512

Node.js
  Node.js Version             = 4.6.2
  npm Version                 = 2.15.11

Titanium CLI
  CLI Version                 = 5.0.11

Titanium SDK
  SDK Version                 = 6.0.1.GA
  SDK Path                    = /home/miga/.titanium/mobilesdk/linux/6.0.1.GA
  Target Platform             = android

Command
  /usr/local/bin/node /usr/local/bin/titanium build -p android -b --skip-js-minify

[INFO]   javac Max Memory: 256M
[INFO]   javac Source: 1.6
[INFO]   javac Target: 1.6
[INFO]   dx Max Memory: 1024M
[INFO]   buildBinClassesDir: /home/miga/dev/ti.keyframes/android/build/classes
[INFO]   Assets Dir: /home/miga/dev/ti.keyframes/android/assets
[INFO]   Documentation Dir: /home/miga/dev/ti.keyframes/android/documentation
[INFO]   Example Dir: /home/miga/dev/ti.keyframes/android/example
[INFO]   Platform Dir: /home/miga/dev/ti.keyframes/android/platform
[INFO]   Resources Dir: /home/miga/dev/ti.keyframes/android/Resources
Generating java files from the .aidl files
[INFO]   No aidl files to compile
Compiling Module Java source files
[INFO]   Building Java source files: /usr/java/jdk1.8.0_121/bin/javac "-J-Xmx256M" "-encoding" "utf8" "-classpath" "/home/miga/tools/android-sdk-linux/platforms/android-23/android.jar:/home/miga/.titanium/mobilesdk/linux/6.0.1.GA/android/lib/closure-compiler.jar:/home/miga/.titanium/mobilesdk/linux/6.0.1.GA/android/lib/titanium-debug.jar:/home/miga/.titanium/mobilesdk/linux/6.0.1.GA/android/lib/titanium-profiler.jar:/home/miga/.titanium/mobilesdk/linux/6.0.1.GA/android/lib/titanium-verify.jar:/home/miga/.titanium/mobilesdk/linux/6.0.1.GA/android/modules/titanium-accelerometer.jar:/home/miga/.titanium/mobilesdk/linux/6.0.1.GA/android/modules/titanium-analytics.jar:/home/miga/.titanium/mobilesdk/linux/6.0.1.GA/android/modules/titanium-android.jar:/home/miga/.titanium/mobilesdk/linux/6.0.1.GA/android/modules/titanium-app.jar:/home/miga/.titanium/mobilesdk/linux/6.0.1.GA/android/modules/titanium-appcompat.jar:/home/miga/.titanium/mobilesdk/linux/6.0.1.GA/android/modules/titanium-calendar.jar:/home/miga/.titanium/mobilesdk/linux/6.0.1.GA/android/modules/titanium-cardview.jar:/home/miga/.titanium/mobilesdk/linux/6.0.1.GA/android/modules/titanium-contacts.jar:/home/miga/.titanium/mobilesdk/linux/6.0.1.GA/android/modules/titanium-database.jar:/home/miga/.titanium/mobilesdk/linux/6.0.1.GA/android/modules/titanium-filesystem.jar:/home/miga/.titanium/mobilesdk/linux/6.0.1.GA/android/modules/titanium-geolocation.jar:/home/miga/.titanium/mobilesdk/linux/6.0.1.GA/android/modules/titanium-gesture.jar:/home/miga/.titanium/mobilesdk/linux/6.0.1.GA/android/modules/titanium-locale.jar:/home/miga/.titanium/mobilesdk/linux/6.0.1.GA/android/modules/titanium-map.jar:/home/miga/.titanium/mobilesdk/linux/6.0.1.GA/android/modules/titanium-media.jar:/home/miga/.titanium/mobilesdk/linux/6.0.1.GA/android/modules/titanium-network.jar:/home/miga/.titanium/mobilesdk/linux/6.0.1.GA/android/modules/titanium-platform.jar:/home/miga/.titanium/mobilesdk/linux/6.0.1.GA/android/modules/titanium-ui.jar:/home/miga/.titanium/mobilesdk/linux/6.0.1.GA/android/modules/titanium-utils.jar:/home/miga/.titanium/mobilesdk/linux/6.0.1.GA/android/modules/titanium-xml.jar:/home/miga/.titanium/mobilesdk/linux/6.0.1.GA/android/android-support-multidex.jar:/home/miga/.titanium/mobilesdk/linux/6.0.1.GA/android/android-support-v4.jar:/home/miga/.titanium/mobilesdk/linux/6.0.1.GA/android/android-support-v7-appcompat.jar:/home/miga/.titanium/mobilesdk/linux/6.0.1.GA/android/aps-analytics.jar:/home/miga/.titanium/mobilesdk/linux/6.0.1.GA/android/cardview-v7-23.0.1.jar:/home/miga/.titanium/mobilesdk/linux/6.0.1.GA/android/freemarker.jar:/home/miga/.titanium/mobilesdk/linux/6.0.1.GA/android/jaxen-1.1.1.jar:/home/miga/.titanium/mobilesdk/linux/6.0.1.GA/android/json_simple-1.1.jar:/home/miga/.titanium/mobilesdk/linux/6.0.1.GA/android/kroll-apt.jar:/home/miga/.titanium/mobilesdk/linux/6.0.1.GA/android/kroll-common.jar:/home/miga/.titanium/mobilesdk/linux/6.0.1.GA/android/kroll-v8.jar:/home/miga/.titanium/mobilesdk/linux/6.0.1.GA/android/nineoldandroids-appc-2.4.0.jar:/home/miga/.titanium/mobilesdk/linux/6.0.1.GA/android/ti-commons-codec-1.3.jar:/home/miga/.titanium/mobilesdk/linux/6.0.1.GA/android/titanium.jar:/home/miga/dev/ti.keyframes/android/lib/keyframes-1.1.jar:/home/miga/dev/ti.keyframes/android/lib/lottie.jar" "-d" "/home/miga/dev/ti.keyframes/android/build/classes" "-target" "1.6" "-g" "-source" "1.6" "@/home/miga/dev/ti.keyframes/android/java-sources.txt" "-processor" "org.appcelerator.kroll.annotations.generator.KrollJSONGenerator" "-s" "/home/miga/dev/ti.keyframes/android/build/generated/json" "-Akroll.jsonFile=ti.keyframes.json" "-Akroll.jsonPackage=org.appcelerator.titanium.bindings"
Generating runtime bindings
[INFO]   Generate v8 bindings: /usr/java/jdk1.8.0_121/bin/java "-classpath" "/home/miga/tools/android-sdk-linux/platforms/android-23/android.jar:/home/miga/.titanium/mobilesdk/linux/6.0.1.GA/android/lib/closure-compiler.jar:/home/miga/.titanium/mobilesdk/linux/6.0.1.GA/android/lib/titanium-debug.jar:/home/miga/.titanium/mobilesdk/linux/6.0.1.GA/android/lib/titanium-profiler.jar:/home/miga/.titanium/mobilesdk/linux/6.0.1.GA/android/lib/titanium-verify.jar:/home/miga/.titanium/mobilesdk/linux/6.0.1.GA/android/modules/titanium-accelerometer.jar:/home/miga/.titanium/mobilesdk/linux/6.0.1.GA/android/modules/titanium-analytics.jar:/home/miga/.titanium/mobilesdk/linux/6.0.1.GA/android/modules/titanium-android.jar:/home/miga/.titanium/mobilesdk/linux/6.0.1.GA/android/modules/titanium-app.jar:/home/miga/.titanium/mobilesdk/linux/6.0.1.GA/android/modules/titanium-appcompat.jar:/home/miga/.titanium/mobilesdk/linux/6.0.1.GA/android/modules/titanium-calendar.jar:/home/miga/.titanium/mobilesdk/linux/6.0.1.GA/android/modules/titanium-cardview.jar:/home/miga/.titanium/mobilesdk/linux/6.0.1.GA/android/modules/titanium-contacts.jar:/home/miga/.titanium/mobilesdk/linux/6.0.1.GA/android/modules/titanium-database.jar:/home/miga/.titanium/mobilesdk/linux/6.0.1.GA/android/modules/titanium-filesystem.jar:/home/miga/.titanium/mobilesdk/linux/6.0.1.GA/android/modules/titanium-geolocation.jar:/home/miga/.titanium/mobilesdk/linux/6.0.1.GA/android/modules/titanium-gesture.jar:/home/miga/.titanium/mobilesdk/linux/6.0.1.GA/android/modules/titanium-locale.jar:/home/miga/.titanium/mobilesdk/linux/6.0.1.GA/android/modules/titanium-map.jar:/home/miga/.titanium/mobilesdk/linux/6.0.1.GA/android/modules/titanium-media.jar:/home/miga/.titanium/mobilesdk/linux/6.0.1.GA/android/modules/titanium-network.jar:/home/miga/.titanium/mobilesdk/linux/6.0.1.GA/android/modules/titanium-platform.jar:/home/miga/.titanium/mobilesdk/linux/6.0.1.GA/android/modules/titanium-ui.jar:/home/miga/.titanium/mobilesdk/linux/6.0.1.GA/android/modules/titanium-utils.jar:/home/miga/.titanium/mobilesdk/linux/6.0.1.GA/android/modules/titanium-xml.jar:/home/miga/.titanium/mobilesdk/linux/6.0.1.GA/android/android-support-multidex.jar:/home/miga/.titanium/mobilesdk/linux/6.0.1.GA/android/android-support-v4.jar:/home/miga/.titanium/mobilesdk/linux/6.0.1.GA/android/android-support-v7-appcompat.jar:/home/miga/.titanium/mobilesdk/linux/6.0.1.GA/android/aps-analytics.jar:/home/miga/.titanium/mobilesdk/linux/6.0.1.GA/android/cardview-v7-23.0.1.jar:/home/miga/.titanium/mobilesdk/linux/6.0.1.GA/android/freemarker.jar:/home/miga/.titanium/mobilesdk/linux/6.0.1.GA/android/jaxen-1.1.1.jar:/home/miga/.titanium/mobilesdk/linux/6.0.1.GA/android/json_simple-1.1.jar:/home/miga/.titanium/mobilesdk/linux/6.0.1.GA/android/kroll-apt.jar:/home/miga/.titanium/mobilesdk/linux/6.0.1.GA/android/kroll-common.jar:/home/miga/.titanium/mobilesdk/linux/6.0.1.GA/android/kroll-v8.jar:/home/miga/.titanium/mobilesdk/linux/6.0.1.GA/android/nineoldandroids-appc-2.4.0.jar:/home/miga/.titanium/mobilesdk/linux/6.0.1.GA/android/ti-commons-codec-1.3.jar:/home/miga/.titanium/mobilesdk/linux/6.0.1.GA/android/titanium.jar:/home/miga/dev/ti.keyframes/android/lib/keyframes-1.1.jar:/home/miga/dev/ti.keyframes/android/lib/lottie.jar" "org.appcelerator.kroll.annotations.generator.KrollBindingGenerator" "/home/miga/dev/ti.keyframes/android/build/generated/jni" "true" "ti.keyframes" "/home/miga/dev/ti.keyframes/android/build/generated/json/org/appcelerator/titanium/bindings/ti.keyframes.json"
[INFO]   Producing [ModuleName]Bootstrap files using /home/miga/dev/ti.keyframes/android/build/generated/json/org/appcelerator/titanium/bindings/ti.keyframes.json
Generating BootstrapJS.cpp from bootstrap.js
[INFO]   Running the Android NDK ndk-build
[DEBUG]  Running: /home/miga/tools/android-ndk/ndk-build TI_MOBILE_SDK=/home/miga/.titanium/mobilesdk/linux/6.0.1.GA NDK_PROJECT_PATH=/home/miga/dev/ti.keyframes/android/build/generated NDK_APPLICATION_MK=/home/miga/dev/ti.keyframes/android/build/generated/Application.mk PYTHON=python V=0
Compiling all java source files genereated
[INFO]   Building Java source files: /usr/java/jdk1.8.0_121/bin/javac "-J-Xmx256M" "-encoding" "utf8" "-d" "/home/miga/dev/ti.keyframes/android/build/classes" "-classpath" "/home/miga/tools/android-sdk-linux/platforms/android-23/android.jar:/home/miga/.titanium/mobilesdk/linux/6.0.1.GA/android/lib/closure-compiler.jar:/home/miga/.titanium/mobilesdk/linux/6.0.1.GA/android/lib/titanium-debug.jar:/home/miga/.titanium/mobilesdk/linux/6.0.1.GA/android/lib/titanium-profiler.jar:/home/miga/.titanium/mobilesdk/linux/6.0.1.GA/android/lib/titanium-verify.jar:/home/miga/.titanium/mobilesdk/linux/6.0.1.GA/android/modules/titanium-accelerometer.jar:/home/miga/.titanium/mobilesdk/linux/6.0.1.GA/android/modules/titanium-analytics.jar:/home/miga/.titanium/mobilesdk/linux/6.0.1.GA/android/modules/titanium-android.jar:/home/miga/.titanium/mobilesdk/linux/6.0.1.GA/android/modules/titanium-app.jar:/home/miga/.titanium/mobilesdk/linux/6.0.1.GA/android/modules/titanium-appcompat.jar:/home/miga/.titanium/mobilesdk/linux/6.0.1.GA/android/modules/titanium-calendar.jar:/home/miga/.titanium/mobilesdk/linux/6.0.1.GA/android/modules/titanium-cardview.jar:/home/miga/.titanium/mobilesdk/linux/6.0.1.GA/android/modules/titanium-contacts.jar:/home/miga/.titanium/mobilesdk/linux/6.0.1.GA/android/modules/titanium-database.jar:/home/miga/.titanium/mobilesdk/linux/6.0.1.GA/android/modules/titanium-filesystem.jar:/home/miga/.titanium/mobilesdk/linux/6.0.1.GA/android/modules/titanium-geolocation.jar:/home/miga/.titanium/mobilesdk/linux/6.0.1.GA/android/modules/titanium-gesture.jar:/home/miga/.titanium/mobilesdk/linux/6.0.1.GA/android/modules/titanium-locale.jar:/home/miga/.titanium/mobilesdk/linux/6.0.1.GA/android/modules/titanium-map.jar:/home/miga/.titanium/mobilesdk/linux/6.0.1.GA/android/modules/titanium-media.jar:/home/miga/.titanium/mobilesdk/linux/6.0.1.GA/android/modules/titanium-network.jar:/home/miga/.titanium/mobilesdk/linux/6.0.1.GA/android/modules/titanium-platform.jar:/home/miga/.titanium/mobilesdk/linux/6.0.1.GA/android/modules/titanium-ui.jar:/home/miga/.titanium/mobilesdk/linux/6.0.1.GA/android/modules/titanium-utils.jar:/home/miga/.titanium/mobilesdk/linux/6.0.1.GA/android/modules/titanium-xml.jar:/home/miga/.titanium/mobilesdk/linux/6.0.1.GA/android/android-support-multidex.jar:/home/miga/.titanium/mobilesdk/linux/6.0.1.GA/android/android-support-v4.jar:/home/miga/.titanium/mobilesdk/linux/6.0.1.GA/android/android-support-v7-appcompat.jar:/home/miga/.titanium/mobilesdk/linux/6.0.1.GA/android/aps-analytics.jar:/home/miga/.titanium/mobilesdk/linux/6.0.1.GA/android/cardview-v7-23.0.1.jar:/home/miga/.titanium/mobilesdk/linux/6.0.1.GA/android/freemarker.jar:/home/miga/.titanium/mobilesdk/linux/6.0.1.GA/android/jaxen-1.1.1.jar:/home/miga/.titanium/mobilesdk/linux/6.0.1.GA/android/json_simple-1.1.jar:/home/miga/.titanium/mobilesdk/linux/6.0.1.GA/android/kroll-apt.jar:/home/miga/.titanium/mobilesdk/linux/6.0.1.GA/android/kroll-common.jar:/home/miga/.titanium/mobilesdk/linux/6.0.1.GA/android/kroll-v8.jar:/home/miga/.titanium/mobilesdk/linux/6.0.1.GA/android/nineoldandroids-appc-2.4.0.jar:/home/miga/.titanium/mobilesdk/linux/6.0.1.GA/android/ti-commons-codec-1.3.jar:/home/miga/.titanium/mobilesdk/linux/6.0.1.GA/android/titanium.jar:/home/miga/dev/ti.keyframes/android/lib/keyframes-1.1.jar:/home/miga/dev/ti.keyframes/android/lib/lottie.jar" "-target" "1.6" "-g" "-source" "1.6" "@/home/miga/dev/ti.keyframes/android/java-sources.txt"
[INFO]   Verifying build architectures
[INFO]   Build architectures are sane
[INFO]   Packaging the module
[INFO]   Generate module JAR: jar "cf" "/home/miga/dev/ti.keyframes/android/dist/ti.keyframes.jar" "-C" "/home/miga/dev/ti.keyframes/android/build/classes" "." "-C" "/home/miga/dev/ti.keyframes/android" "assets"
[INFO]   Creating module zip
[INFO]   Writing module zip: /home/miga/dev/ti.keyframes/android/dist/ti.keyframes-android-1.0.0.zip
[INFO]   Project built successfully in 10s 693ms
